# JRE version: OpenJDK Runtime Environment (8.0_112-b06) (build 1.8.0_112-release-b06)
# Java VM: OpenJDK 64-Bit Server VM (25.112-b06 mixed mode linux-amd64 compressed oops)
Heap:
 PSYoungGen      total 465920K, used 142102K [0x00000000d5580000, 0x0000000100000000, 0x0000000100000000)
  eden space 232960K, 0% used [0x00000000d5580000,0x00000000d5580000,0x00000000e3900000)
  from space 232960K, 60% used [0x00000000e3900000,0x00000000ec3c5ae8,0x00000000f1c80000)
  to   space 232960K, 0% used [0x00000000f1c80000,0x00000000f1c80000,0x0000000100000000)
 ParOldGen       total 1074176K, used 1073684K [0x0000000080000000, 0x00000000c1900000, 0x00000000d5580000)
  object space 1074176K, 99% used [0x0000000080000000,0x00000000c18850c0,0x00000000c1900000)
 Metaspace       used 109160K, capacity 112450K, committed 113920K, reserved 1148928K
  class space    used 13545K, capacity 14266K, committed 14592K, reserved 1048576K
GC Heap History (10 events):
Event: 1556,223 GC heap after
Heap after GC invocations=120 (full 11):
 PSYoungGen      total 465920K, used 186013K [0x00000000d5580000, 0x0000000100000000, 0x0000000100000000)
  eden space 232960K, 0% used [0x00000000d5580000,0x00000000d5580000,0x00000000e3900000)
  from space 232960K, 79% used [0x00000000e3900000,0x00000000eeea7570,0x00000000f1c80000)
  to   space 232960K, 0% used [0x00000000f1c80000,0x00000000f1c80000,0x0000000100000000)
 ParOldGen       total 1074176K, used 837538K [0x0000000080000000, 0x00000000c1900000, 0x00000000d5580000)
  object space 1074176K, 77% used [0x0000000080000000,0x00000000b31e8980,0x00000000c1900000)
 Metaspace       used 109158K, capacity 112450K, committed 113920K, reserved 1148928K
  class space    used 13545K, capacity 14266K, committed 14592K, reserved 1048576K
}
Event: 1556,820 GC heap before
{Heap before GC invocations=121 (full 11):
 PSYoungGen      total 465920K, used 418973K [0x00000000d5580000, 0x0000000100000000, 0x0000000100000000)
  eden space 232960K, 100% used [0x00000000d5580000,0x00000000e3900000,0x00000000e3900000)
  from space 232960K, 79% used [0x00000000e3900000,0x00000000eeea7570,0x00000000f1c80000)
  to   space 232960K, 0% used [0x00000000f1c80000,0x00000000f1c80000,0x0000000100000000)
 ParOldGen       total 1074176K, used 837541K [0x0000000080000000, 0x00000000c1900000, 0x00000000d5580000)
  object space 1074176K, 77% used [0x0000000080000000,0x00000000b31e95b0,0x00000000c1900000)
 Metaspace       used 109158K, capacity 112450K, committed 113920K, reserved 1148928K
  class space    used 13545K, capacity 14266K, committed 14592K, reserved 1048576K
Event: 1557,287 GC heap after
Heap after GC invocations=121 (full 11):
 PSYoungGen      total 465920K, used 203274K [0x00000000d5580000, 0x0000000100000000, 0x0000000100000000)
  eden space 232960K, 0% used [0x00000000d5580000,0x00000000d5580000,0x00000000e3900000)
  from space 232960K, 87% used [0x00000000f1c80000,0x00000000fe302ae8,0x0000000100000000)
  to   space 232960K, 0% used [0x00000000e3900000,0x00000000e3900000,0x00000000f1c80000)
 ParOldGen       total 1074176K, used 876933K [0x0000000080000000, 0x00000000c1900000, 0x00000000d5580000)
  object space 1074176K, 81% used [0x0000000080000000,0x00000000b58615b0,0x00000000c1900000)
 Metaspace       used 109158K, capacity 112450K, committed 113920K, reserved 1148928K
  class space    used 13545K, capacity 14266K, committed 14592K, reserved 1048576K
}
Event: 1557,832 GC heap before
{Heap before GC invocations=122 (full 11):
 PSYoungGen      total 465920K, used 436234K [0x00000000d5580000, 0x0000000100000000, 0x0000000100000000)
  eden space 232960K, 100% used [0x00000000d5580000,0x00000000e3900000,0x00000000e3900000)
  from space 232960K, 87% used [0x00000000f1c80000,0x00000000fe302ae8,0x0000000100000000)
  to   space 232960K, 0% used [0x00000000e3900000,0x00000000e3900000,0x00000000f1c80000)
 ParOldGen       total 1074176K, used 876935K [0x0000000080000000, 0x00000000c1900000, 0x00000000d5580000)
  object space 1074176K, 81% used [0x0000000080000000,0x00000000b5861c70,0x00000000c1900000)
 Metaspace       used 109160K, capacity 112450K, committed 113920K, reserved 1148928K
  class space    used 13545K, capacity 14266K, committed 14592K, reserved 1048576K
Event: 1558,292 GC heap after
Heap after GC invocations=122 (full 11):
 PSYoungGen      total 465920K, used 214805K [0x00000000d5580000, 0x0000000100000000, 0x0000000100000000)
  eden space 232960K, 0% used [0x00000000d5580000,0x00000000d5580000,0x00000000e3900000)
  from space 232960K, 92% used [0x00000000e3900000,0x00000000f0ac5458,0x00000000f1c80000)
  to   space 232960K, 0% used [0x00000000f1c80000,0x00000000f1c80000,0x0000000100000000)
 ParOldGen       total 1074176K, used 915279K [0x0000000080000000, 0x00000000c1900000, 0x00000000d5580000)
  object space 1074176K, 85% used [0x0000000080000000,0x00000000b7dd3c70,0x00000000c1900000)
 Metaspace       used 109160K, capacity 112450K, committed 113920K, reserved 1148928K
  class space    used 13545K, capacity 14266K, committed 14592K, reserved 1048576K
}
Event: 1559,468 GC heap before
{Heap before GC invocations=123 (full 11):
 PSYoungGen      total 465920K, used 447765K [0x00000000d5580000, 0x0000000100000000, 0x0000000100000000)
  eden space 232960K, 100% used [0x00000000d5580000,0x00000000e3900000,0x00000000e3900000)
  from space 232960K, 92% used [0x00000000e3900000,0x00000000f0ac5458,0x00000000f1c80000)
  to   space 232960K, 0% used [0x00000000f1c80000,0x00000000f1c80000,0x0000000100000000)
 ParOldGen       total 1074176K, used 915279K [0x0000000080000000, 0x00000000c1900000, 0x00000000d5580000)
  object space 1074176K, 85% used [0x0000000080000000,0x00000000b7dd3f00,0x00000000c1900000)
 Metaspace       used 109160K, capacity 112450K, committed 113920K, reserved 1148928K
  class space    used 13545K, capacity 14266K, committed 14592K, reserved 1048576K
Event: 1559,956 GC heap after
Heap after GC invocations=123 (full 11):
 PSYoungGen      total 465920K, used 216740K [0x00000000d5580000, 0x0000000100000000, 0x0000000100000000)
  eden space 232960K, 0% used [0x00000000d5580000,0x00000000d5580000,0x00000000e3900000)
  from space 232960K, 93% used [0x00000000f1c80000,0x00000000ff029370,0x0000000100000000)
  to   space 232960K, 0% used [0x00000000e3900000,0x00000000e3900000,0x00000000f1c80000)
 ParOldGen       total 1074176K, used 968207K [0x0000000080000000, 0x00000000c1900000, 0x00000000d5580000)
  object space 1074176K, 90% used [0x0000000080000000,0x00000000bb183c20,0x00000000c1900000)
 Metaspace       used 109160K, capacity 112450K, committed 113920K, reserved 1148928K
  class space    used 13545K, capacity 14266K, committed 14592K, reserved 1048576K
}
Event: 1561,655 GC heap before
{Heap before GC invocations=124 (full 11):
 PSYoungGen      total 465920K, used 449700K [0x00000000d5580000, 0x0000000100000000, 0x0000000100000000)
  eden space 232960K, 100% used [0x00000000d5580000,0x00000000e3900000,0x00000000e3900000)
  from space 232960K, 93% used [0x00000000f1c80000,0x00000000ff029370,0x0000000100000000)
  to   space 232960K, 0% used [0x00000000e3900000,0x00000000e3900000,0x00000000f1c80000)
 ParOldGen       total 1074176K, used 968209K [0x0000000080000000, 0x00000000c1900000, 0x00000000d5580000)
  object space 1074176K, 90% used [0x0000000080000000,0x00000000bb1845e8,0x00000000c1900000)
 Metaspace       used 109160K, capacity 112450K, committed 113920K, reserved 1148928K
  class space    used 13545K, capacity 14266K, committed 14592K, reserved 1048576K
Event: 1569,526 GC heap after
Heap after GC invocations=124 (full 11):
 PSYoungGen      total 465920K, used 168112K [0x00000000d5580000, 0x0000000100000000, 0x0000000100000000)
  eden space 232960K, 0% used [0x00000000d5580000,0x00000000d5580000,0x00000000e3900000)
  from space 232960K, 72% used [0x00000000e3900000,0x00000000edd2c308,0x00000000f1c80000)
  to   space 232960K, 0% used [0x00000000f1c80000,0x00000000f1c80000,0x0000000100000000)
 ParOldGen       total 1074176K, used 1072913K [0x0000000080000000, 0x00000000c1900000, 0x00000000d5580000)
  object space 1074176K, 99% used [0x0000000080000000,0x00000000c17c45e8,0x00000000c1900000)
 Metaspace       used 109160K, capacity 112450K, committed 113920K, reserved 1148928K
  class space    used 13545K, capacity 14266K, committed 14592K, reserved 1048576K
}
Event: 1569,834 GC heap before
{Heap before GC invocations=125 (full 12):
 PSYoungGen      total 465920K, used 168112K [0x00000000d5580000, 0x0000000100000000, 0x0000000100000000)
  eden space 232960K, 0% used [0x00000000d5580000,0x00000000d5580000,0x00000000e3900000)
  from space 232960K, 72% used [0x00000000e3900000,0x00000000edd2c308,0x00000000f1c80000)
  to   space 232960K, 0% used [0x00000000f1c80000,0x00000000f1c80000,0x0000000100000000)
 ParOldGen       total 1074176K, used 1072913K [0x0000000080000000, 0x00000000c1900000, 0x00000000d5580000)
  object space 1074176K, 99% used [0x0000000080000000,0x00000000c17c45e8,0x00000000c1900000)
 Metaspace       used 109160K, capacity 112450K, committed 113920K, reserved 1148928K
  class space    used 13545K, capacity 14266K, committed 14592K, reserved 1048576K

