# JRE version: OpenJDK Runtime Environment (8.0_112-b06) (build 1.8.0_112-release-b06)
# Java VM: OpenJDK 64-Bit Server VM (25.112-b06 mixed mode linux-amd64 compressed oops)
Heap:
 PSYoungGen      total 529408K, used 0K [0x00000000d5580000, 0x0000000100000000, 0x0000000100000000)
  eden space 359936K, 0% used [0x00000000d5580000,0x00000000d5580000,0x00000000eb500000)
  from space 169472K, 0% used [0x00000000eb500000,0x00000000eb500000,0x00000000f5a80000)
  to   space 169472K, 0% used [0x00000000f5a80000,0x00000000f5a80000,0x0000000100000000)
 ParOldGen       total 435200K, used 431537K [0x0000000080000000, 0x000000009a900000, 0x00000000d5580000)
  object space 435200K, 99% used [0x0000000080000000,0x000000009a56c788,0x000000009a900000)
 Metaspace       used 84408K, capacity 88716K, committed 91560K, reserved 1128448K
  class space    used 10595K, capacity 11319K, committed 12200K, reserved 1048576K
GC Heap History (10 events):
Event: 4794,877 GC heap after
Heap after GC invocations=55 (full 6):
 PSYoungGen      total 543744K, used 3072K [0x00000000d5580000, 0x00000000ffb00000, 0x0000000100000000)
  eden space 403968K, 0% used [0x00000000d5580000,0x00000000d5580000,0x00000000ee000000)
  from space 139776K, 2% used [0x00000000ee000000,0x00000000ee300000,0x00000000f6880000)
  to   space 138240K, 0% used [0x00000000f7400000,0x00000000f7400000,0x00000000ffb00000)
 ParOldGen       total 435200K, used 347507K [0x0000000080000000, 0x000000009a900000, 0x00000000d5580000)
  object space 435200K, 79% used [0x0000000080000000,0x000000009535cef0,0x000000009a900000)
 Metaspace       used 84379K, capacity 88652K, committed 91560K, reserved 1128448K
  class space    used 10595K, capacity 11319K, committed 12200K, reserved 1048576K
}
Event: 4796,184 GC heap before
{Heap before GC invocations=56 (full 6):
 PSYoungGen      total 543744K, used 407040K [0x00000000d5580000, 0x00000000ffb00000, 0x0000000100000000)
  eden space 403968K, 100% used [0x00000000d5580000,0x00000000ee000000,0x00000000ee000000)
  from space 139776K, 2% used [0x00000000ee000000,0x00000000ee300000,0x00000000f6880000)
  to   space 138240K, 0% used [0x00000000f7400000,0x00000000f7400000,0x00000000ffb00000)
 ParOldGen       total 435200K, used 347507K [0x0000000080000000, 0x000000009a900000, 0x00000000d5580000)
  object space 435200K, 79% used [0x0000000080000000,0x000000009535cef0,0x000000009a900000)
 Metaspace       used 84385K, capacity 88652K, committed 91560K, reserved 1128448K
  class space    used 10595K, capacity 11319K, committed 12200K, reserved 1048576K
Event: 4796,202 GC heap after
Heap after GC invocations=56 (full 6):
 PSYoungGen      total 553472K, used 15355K [0x00000000d5580000, 0x00000000ff580000, 0x0000000100000000)
  eden space 420864K, 0% used [0x00000000d5580000,0x00000000d5580000,0x00000000ef080000)
  from space 132608K, 11% used [0x00000000f7400000,0x00000000f82feff0,0x00000000ff580000)
  to   space 133632K, 0% used [0x00000000ef080000,0x00000000ef080000,0x00000000f7300000)
 ParOldGen       total 435200K, used 347507K [0x0000000080000000, 0x000000009a900000, 0x00000000d5580000)
  object space 435200K, 79% used [0x0000000080000000,0x000000009535cef0,0x000000009a900000)
 Metaspace       used 84385K, capacity 88652K, committed 91560K, reserved 1128448K
  class space    used 10595K, capacity 11319K, committed 12200K, reserved 1048576K
}
Event: 4797,779 GC heap before
{Heap before GC invocations=57 (full 6):
 PSYoungGen      total 553472K, used 436219K [0x00000000d5580000, 0x00000000ff580000, 0x0000000100000000)
  eden space 420864K, 100% used [0x00000000d5580000,0x00000000ef080000,0x00000000ef080000)
  from space 132608K, 11% used [0x00000000f7400000,0x00000000f82feff0,0x00000000ff580000)
  to   space 133632K, 0% used [0x00000000ef080000,0x00000000ef080000,0x00000000f7300000)
 ParOldGen       total 435200K, used 347507K [0x0000000080000000, 0x000000009a900000, 0x00000000d5580000)
  object space 435200K, 79% used [0x0000000080000000,0x000000009535cef0,0x000000009a900000)
 Metaspace       used 84396K, capacity 88652K, committed 91560K, reserved 1128448K
  class space    used 10595K, capacity 11319K, committed 12200K, reserved 1048576K
Event: 4797,900 GC heap after
Heap after GC invocations=57 (full 6):
 PSYoungGen      total 554496K, used 84057K [0x00000000d5580000, 0x0000000100000000, 0x0000000100000000)
  eden space 420864K, 0% used [0x00000000d5580000,0x00000000d5580000,0x00000000ef080000)
  from space 133632K, 62% used [0x00000000ef080000,0x00000000f4296508,0x00000000f7300000)
  to   space 140288K, 0% used [0x00000000f7700000,0x00000000f7700000,0x0000000100000000)
 ParOldGen       total 435200K, used 347507K [0x0000000080000000, 0x000000009a900000, 0x00000000d5580000)
  object space 435200K, 79% used [0x0000000080000000,0x000000009535cef0,0x000000009a900000)
 Metaspace       used 84396K, capacity 88652K, committed 91560K, reserved 1128448K
  class space    used 10595K, capacity 11319K, committed 12200K, reserved 1048576K
}
Event: 4799,691 GC heap before
{Heap before GC invocations=58 (full 6):
 PSYoungGen      total 554496K, used 504921K [0x00000000d5580000, 0x0000000100000000, 0x0000000100000000)
  eden space 420864K, 100% used [0x00000000d5580000,0x00000000ef080000,0x00000000ef080000)
  from space 133632K, 62% used [0x00000000ef080000,0x00000000f4296508,0x00000000f7300000)
  to   space 140288K, 0% used [0x00000000f7700000,0x00000000f7700000,0x0000000100000000)
 ParOldGen       total 435200K, used 347507K [0x0000000080000000, 0x000000009a900000, 0x00000000d5580000)
  object space 435200K, 79% used [0x0000000080000000,0x000000009535cef0,0x000000009a900000)
 Metaspace       used 84406K, capacity 88716K, committed 91560K, reserved 1128448K
  class space    used 10595K, capacity 11319K, committed 12200K, reserved 1048576K
Event: 4799,912 GC heap after
Heap after GC invocations=58 (full 6):
 PSYoungGen      total 500224K, used 140256K [0x00000000d5580000, 0x0000000100000000, 0x0000000100000000)
  eden space 359936K, 0% used [0x00000000d5580000,0x00000000d5580000,0x00000000eb500000)
  from space 140288K, 99% used [0x00000000f7700000,0x00000000ffff8030,0x0000000100000000)
  to   space 169472K, 0% used [0x00000000eb500000,0x00000000eb500000,0x00000000f5a80000)
 ParOldGen       total 435200K, used 356443K [0x0000000080000000, 0x000000009a900000, 0x00000000d5580000)
  object space 435200K, 81% used [0x0000000080000000,0x0000000095c16e80,0x000000009a900000)
 Metaspace       used 84406K, capacity 88716K, committed 91560K, reserved 1128448K
  class space    used 10595K, capacity 11319K, committed 12200K, reserved 1048576K
}
Event: 4969,146 GC heap before
{Heap before GC invocations=59 (full 6):
 PSYoungGen      total 500224K, used 500192K [0x00000000d5580000, 0x0000000100000000, 0x0000000100000000)
  eden space 359936K, 100% used [0x00000000d5580000,0x00000000eb500000,0x00000000eb500000)
  from space 140288K, 99% used [0x00000000f7700000,0x00000000ffff8030,0x0000000100000000)
  to   space 169472K, 0% used [0x00000000eb500000,0x00000000eb500000,0x00000000f5a80000)
 ParOldGen       total 435200K, used 356443K [0x0000000080000000, 0x000000009a900000, 0x00000000d5580000)
  object space 435200K, 81% used [0x0000000080000000,0x0000000095c16e80,0x000000009a900000)
 Metaspace       used 84408K, capacity 88716K, committed 91560K, reserved 1128448K
  class space    used 10595K, capacity 11319K, committed 12200K, reserved 1048576K
Event: 4969,414 GC heap after
Heap after GC invocations=59 (full 6):
 PSYoungGen      total 529408K, used 169440K [0x00000000d5580000, 0x0000000100000000, 0x0000000100000000)
  eden space 359936K, 0% used [0x00000000d5580000,0x00000000d5580000,0x00000000eb500000)
  from space 169472K, 99% used [0x00000000eb500000,0x00000000f5a78030,0x00000000f5a80000)
  to   space 169472K, 0% used [0x00000000f5a80000,0x00000000f5a80000,0x0000000100000000)
 ParOldGen       total 435200K, used 398668K [0x0000000080000000, 0x000000009a900000, 0x00000000d5580000)
  object space 435200K, 91% used [0x0000000080000000,0x0000000098553240,0x000000009a900000)
 Metaspace       used 84408K, capacity 88716K, committed 91560K, reserved 1128448K
  class space    used 10595K, capacity 11319K, committed 12200K, reserved 1048576K
}
Event: 4969,414 GC heap before
{Heap before GC invocations=60 (full 7):
 PSYoungGen      total 529408K, used 169440K [0x00000000d5580000, 0x0000000100000000, 0x0000000100000000)
  eden space 359936K, 0% used [0x00000000d5580000,0x00000000d5580000,0x00000000eb500000)
  from space 169472K, 99% used [0x00000000eb500000,0x00000000f5a78030,0x00000000f5a80000)
  to   space 169472K, 0% used [0x00000000f5a80000,0x00000000f5a80000,0x0000000100000000)
 ParOldGen       total 435200K, used 398668K [0x0000000080000000, 0x000000009a900000, 0x00000000d5580000)
  object space 435200K, 91% used [0x0000000080000000,0x0000000098553240,0x000000009a900000)
 Metaspace       used 84408K, capacity 88716K, committed 91560K, reserved 1128448K
  class space    used 10595K, capacity 11319K, committed 12200K, reserved 1048576K

